2021-02-01 17:26:34,007 DEBUG    root            Loaded Command Group: ['gcloud', 'components']
2021-02-01 17:26:34,011 DEBUG    root            Loaded Command Group: ['gcloud', 'components', 'update']
2021-02-01 17:26:34,014 DEBUG    root            Running [gcloud.components.update] with arguments: [--allow-no-backup: "True", --quiet: "True", COMPONENT-IDS:7: "['core', 'gcloud-deps', 'bq', 'gcloud', 'gsutil', 'anthoscli', 'kuberun']"]
2021-02-01 17:26:34,019 INFO     ___FILE_ONLY___ Beginning update. This process may take several minutes.

2021-02-01 17:26:46,081 INFO     ___FILE_ONLY___ 

2021-02-01 17:26:46,081 INFO     ___FILE_ONLY___ 
Your current Cloud SDK version is: 325.0.0

2021-02-01 17:26:46,082 INFO     ___FILE_ONLY___ Installing components from version: 325.0.0

2021-02-01 17:26:46,082 INFO     ___FILE_ONLY___ 

2021-02-01 17:26:46,211 INFO     ___FILE_ONLY___ ┌─────────────────────────────────────────────────────────────────────────────┐
2021-02-01 17:26:46,211 INFO     ___FILE_ONLY___ 

2021-02-01 17:26:46,211 INFO     ___FILE_ONLY___ │                     These components will be installed.                     │
2021-02-01 17:26:46,211 INFO     ___FILE_ONLY___ 

2021-02-01 17:26:46,212 INFO     ___FILE_ONLY___ ├─────────────────────────────────────────────────────┬────────────┬──────────┤
2021-02-01 17:26:46,212 INFO     ___FILE_ONLY___ 

2021-02-01 17:26:46,212 INFO     ___FILE_ONLY___ │                         Name                        │  Version   │   Size   │
2021-02-01 17:26:46,212 INFO     ___FILE_ONLY___ 

2021-02-01 17:26:46,212 INFO     ___FILE_ONLY___ ├─────────────────────────────────────────────────────┼────────────┼──────────┤
2021-02-01 17:26:46,212 INFO     ___FILE_ONLY___ 

2021-02-01 17:26:46,212 INFO     ___FILE_ONLY___ │ 
2021-02-01 17:26:46,212 INFO     ___FILE_ONLY___ BigQuery Command Line Tool                         
2021-02-01 17:26:46,212 INFO     ___FILE_ONLY___  
2021-02-01 17:26:46,212 INFO     ___FILE_ONLY___ │ 
2021-02-01 17:26:46,212 INFO     ___FILE_ONLY___     2.0.64
2021-02-01 17:26:46,212 INFO     ___FILE_ONLY___  
2021-02-01 17:26:46,212 INFO     ___FILE_ONLY___ │ 
2021-02-01 17:26:46,212 INFO     ___FILE_ONLY___  < 1 MiB
2021-02-01 17:26:46,212 INFO     ___FILE_ONLY___  
2021-02-01 17:26:46,212 INFO     ___FILE_ONLY___ │
2021-02-01 17:26:46,213 INFO     ___FILE_ONLY___ 

2021-02-01 17:26:46,213 INFO     ___FILE_ONLY___ │ 
2021-02-01 17:26:46,213 INFO     ___FILE_ONLY___ BigQuery Command Line Tool (Platform Specific)     
2021-02-01 17:26:46,213 INFO     ___FILE_ONLY___  
2021-02-01 17:26:46,213 INFO     ___FILE_ONLY___ │ 
2021-02-01 17:26:46,213 INFO     ___FILE_ONLY___     2.0.58
2021-02-01 17:26:46,213 INFO     ___FILE_ONLY___  
2021-02-01 17:26:46,213 INFO     ___FILE_ONLY___ │ 
2021-02-01 17:26:46,213 INFO     ___FILE_ONLY___  < 1 MiB
2021-02-01 17:26:46,213 INFO     ___FILE_ONLY___  
2021-02-01 17:26:46,213 INFO     ___FILE_ONLY___ │
2021-02-01 17:26:46,213 INFO     ___FILE_ONLY___ 

2021-02-01 17:26:46,213 INFO     ___FILE_ONLY___ │ 
2021-02-01 17:26:46,213 INFO     ___FILE_ONLY___ Cloud SDK Core Libraries (Platform Specific)       
2021-02-01 17:26:46,213 INFO     ___FILE_ONLY___  
2021-02-01 17:26:46,214 INFO     ___FILE_ONLY___ │ 
2021-02-01 17:26:46,214 INFO     ___FILE_ONLY___ 2020.07.10
2021-02-01 17:26:46,214 INFO     ___FILE_ONLY___  
2021-02-01 17:26:46,214 INFO     ___FILE_ONLY___ │ 
2021-02-01 17:26:46,214 INFO     ___FILE_ONLY___  < 1 MiB
2021-02-01 17:26:46,214 INFO     ___FILE_ONLY___  
2021-02-01 17:26:46,214 INFO     ___FILE_ONLY___ │
2021-02-01 17:26:46,214 INFO     ___FILE_ONLY___ 

2021-02-01 17:26:46,214 INFO     ___FILE_ONLY___ │ 
2021-02-01 17:26:46,214 INFO     ___FILE_ONLY___ Cloud Storage Command Line Tool                    
2021-02-01 17:26:46,214 INFO     ___FILE_ONLY___  
2021-02-01 17:26:46,214 INFO     ___FILE_ONLY___ │ 
2021-02-01 17:26:46,214 INFO     ___FILE_ONLY___       4.58
2021-02-01 17:26:46,214 INFO     ___FILE_ONLY___  
2021-02-01 17:26:46,214 INFO     ___FILE_ONLY___ │ 
2021-02-01 17:26:46,214 INFO     ___FILE_ONLY___  3.9 MiB
2021-02-01 17:26:46,215 INFO     ___FILE_ONLY___  
2021-02-01 17:26:46,215 INFO     ___FILE_ONLY___ │
2021-02-01 17:26:46,215 INFO     ___FILE_ONLY___ 

2021-02-01 17:26:46,215 INFO     ___FILE_ONLY___ │ 
2021-02-01 17:26:46,215 INFO     ___FILE_ONLY___ Cloud Storage Command Line Tool (Platform Specific)
2021-02-01 17:26:46,215 INFO     ___FILE_ONLY___  
2021-02-01 17:26:46,215 INFO     ___FILE_ONLY___ │ 
2021-02-01 17:26:46,215 INFO     ___FILE_ONLY___       4.51
2021-02-01 17:26:46,215 INFO     ___FILE_ONLY___  
2021-02-01 17:26:46,215 INFO     ___FILE_ONLY___ │ 
2021-02-01 17:26:46,215 INFO     ___FILE_ONLY___  < 1 MiB
2021-02-01 17:26:46,215 INFO     ___FILE_ONLY___  
2021-02-01 17:26:46,215 INFO     ___FILE_ONLY___ │
2021-02-01 17:26:46,215 INFO     ___FILE_ONLY___ 

2021-02-01 17:26:46,215 INFO     ___FILE_ONLY___ │ 
2021-02-01 17:26:46,215 INFO     ___FILE_ONLY___ Kuberun                                            
2021-02-01 17:26:46,216 INFO     ___FILE_ONLY___  
2021-02-01 17:26:46,216 INFO     ___FILE_ONLY___ │ 
2021-02-01 17:26:46,216 INFO     ___FILE_ONLY___      0.0.1
2021-02-01 17:26:46,216 INFO     ___FILE_ONLY___  
2021-02-01 17:26:46,216 INFO     ___FILE_ONLY___ │ 
2021-02-01 17:26:46,216 INFO     ___FILE_ONLY___ 23.5 MiB
2021-02-01 17:26:46,216 INFO     ___FILE_ONLY___  
2021-02-01 17:26:46,216 INFO     ___FILE_ONLY___ │
2021-02-01 17:26:46,216 INFO     ___FILE_ONLY___ 

2021-02-01 17:26:46,216 INFO     ___FILE_ONLY___ │ 
2021-02-01 17:26:46,216 INFO     ___FILE_ONLY___ anthoscli                                          
2021-02-01 17:26:46,216 INFO     ___FILE_ONLY___  
2021-02-01 17:26:46,216 INFO     ___FILE_ONLY___ │ 
2021-02-01 17:26:46,216 INFO     ___FILE_ONLY___      0.2.7
2021-02-01 17:26:46,216 INFO     ___FILE_ONLY___  
2021-02-01 17:26:46,216 INFO     ___FILE_ONLY___ │ 
2021-02-01 17:26:46,217 INFO     ___FILE_ONLY___ 51.7 MiB
2021-02-01 17:26:46,217 INFO     ___FILE_ONLY___  
2021-02-01 17:26:46,217 INFO     ___FILE_ONLY___ │
2021-02-01 17:26:46,217 INFO     ___FILE_ONLY___ 

2021-02-01 17:26:46,217 INFO     ___FILE_ONLY___ │ 
2021-02-01 17:26:46,217 INFO     ___FILE_ONLY___ gcloud cli dependencies                            
2021-02-01 17:26:46,217 INFO     ___FILE_ONLY___  
2021-02-01 17:26:46,217 INFO     ___FILE_ONLY___ │ 
2021-02-01 17:26:46,217 INFO     ___FILE_ONLY___ 2020.06.12
2021-02-01 17:26:46,217 INFO     ___FILE_ONLY___  
2021-02-01 17:26:46,217 INFO     ___FILE_ONLY___ │ 
2021-02-01 17:26:46,217 INFO     ___FILE_ONLY___  < 1 MiB
2021-02-01 17:26:46,217 INFO     ___FILE_ONLY___  
2021-02-01 17:26:46,217 INFO     ___FILE_ONLY___ │
2021-02-01 17:26:46,217 INFO     ___FILE_ONLY___ 

2021-02-01 17:26:46,217 INFO     ___FILE_ONLY___ └─────────────────────────────────────────────────────┴────────────┴──────────┘
2021-02-01 17:26:46,218 INFO     ___FILE_ONLY___ 

2021-02-01 17:26:46,218 INFO     ___FILE_ONLY___ 

2021-02-01 17:26:46,251 INFO     ___FILE_ONLY___ For the latest full release notes, please visit:
  https://cloud.google.com/sdk/release_notes


2021-02-01 17:26:46,256 INFO     ___FILE_ONLY___ ╔════════════════════════════════════════════════════════════╗

2021-02-01 17:26:46,256 INFO     ___FILE_ONLY___ ╠═ Creating update staging area                             ═╣

2021-02-01 17:26:46,256 INFO     ___FILE_ONLY___ ╚
2021-02-01 17:26:46,256 INFO     ___FILE_ONLY___ ══════
2021-02-01 17:26:46,257 INFO     ___FILE_ONLY___ ══════
2021-02-01 17:26:46,257 INFO     ___FILE_ONLY___ ══════
2021-02-01 17:26:46,422 INFO     ___FILE_ONLY___ ═
2021-02-01 17:26:46,463 INFO     ___FILE_ONLY___ ═
2021-02-01 17:26:46,509 INFO     ___FILE_ONLY___ ═
2021-02-01 17:26:46,551 INFO     ___FILE_ONLY___ ═
2021-02-01 17:26:46,596 INFO     ___FILE_ONLY___ ═
2021-02-01 17:26:46,632 INFO     ___FILE_ONLY___ ═
2021-02-01 17:26:46,669 INFO     ___FILE_ONLY___ ═
2021-02-01 17:26:46,710 INFO     ___FILE_ONLY___ ═
2021-02-01 17:26:46,758 INFO     ___FILE_ONLY___ ═
2021-02-01 17:26:46,792 INFO     ___FILE_ONLY___ ═
2021-02-01 17:26:46,836 INFO     ___FILE_ONLY___ ═
2021-02-01 17:26:46,887 INFO     ___FILE_ONLY___ ═
2021-02-01 17:26:46,929 INFO     ___FILE_ONLY___ ═
2021-02-01 17:26:47,079 INFO     ___FILE_ONLY___ ═
2021-02-01 17:26:47,128 INFO     ___FILE_ONLY___ ═
2021-02-01 17:26:47,159 INFO     ___FILE_ONLY___ ═
2021-02-01 17:26:47,179 INFO     ___FILE_ONLY___ ═
2021-02-01 17:26:47,199 INFO     ___FILE_ONLY___ ═
2021-02-01 17:26:47,220 INFO     ___FILE_ONLY___ ═
2021-02-01 17:26:47,241 INFO     ___FILE_ONLY___ ═
2021-02-01 17:26:47,262 INFO     ___FILE_ONLY___ ═
2021-02-01 17:26:47,284 INFO     ___FILE_ONLY___ ═
2021-02-01 17:26:47,308 INFO     ___FILE_ONLY___ ═
2021-02-01 17:26:47,352 INFO     ___FILE_ONLY___ ═
2021-02-01 17:26:47,383 INFO     ___FILE_ONLY___ ═
2021-02-01 17:26:47,451 INFO     ___FILE_ONLY___ ═
2021-02-01 17:26:47,506 INFO     ___FILE_ONLY___ ═
2021-02-01 17:26:47,610 INFO     ___FILE_ONLY___ ═
2021-02-01 17:26:47,703 INFO     ___FILE_ONLY___ ═
2021-02-01 17:26:47,740 INFO     ___FILE_ONLY___ ═
2021-02-01 17:26:47,774 INFO     ___FILE_ONLY___ ═
2021-02-01 17:26:47,814 INFO     ___FILE_ONLY___ ═
2021-02-01 17:26:47,860 INFO     ___FILE_ONLY___ ═
2021-02-01 17:26:47,904 INFO     ___FILE_ONLY___ ═
2021-02-01 17:26:47,942 INFO     ___FILE_ONLY___ ═
2021-02-01 17:26:47,984 INFO     ___FILE_ONLY___ ═
2021-02-01 17:26:48,035 INFO     ___FILE_ONLY___ ═
2021-02-01 17:26:48,093 INFO     ___FILE_ONLY___ ═
2021-02-01 17:26:48,133 INFO     ___FILE_ONLY___ ═
2021-02-01 17:26:48,172 INFO     ___FILE_ONLY___ ═
2021-02-01 17:26:48,204 INFO     ___FILE_ONLY___ ═
2021-02-01 17:26:48,253 INFO     ___FILE_ONLY___ ═
2021-02-01 17:26:48,253 INFO     ___FILE_ONLY___ ╝

2021-02-01 17:26:48,306 INFO     ___FILE_ONLY___ ╔════════════════════════════════════════════════════════════╗

2021-02-01 17:26:48,307 INFO     ___FILE_ONLY___ ╠═ Installing: BigQuery Command Line Tool                   ═╣

2021-02-01 17:26:48,307 INFO     ___FILE_ONLY___ ╚
2021-02-01 17:26:48,330 INFO     ___FILE_ONLY___ ═
2021-02-01 17:26:48,330 INFO     ___FILE_ONLY___ ═
2021-02-01 17:26:48,331 INFO     ___FILE_ONLY___ ═
2021-02-01 17:26:48,332 INFO     ___FILE_ONLY___ ═
2021-02-01 17:26:48,332 INFO     ___FILE_ONLY___ ═
2021-02-01 17:26:48,333 INFO     ___FILE_ONLY___ ═
2021-02-01 17:26:48,333 INFO     ___FILE_ONLY___ ═
2021-02-01 17:26:48,334 INFO     ___FILE_ONLY___ ═
2021-02-01 17:26:48,334 INFO     ___FILE_ONLY___ ═
2021-02-01 17:26:48,334 INFO     ___FILE_ONLY___ ═
2021-02-01 17:26:48,335 INFO     ___FILE_ONLY___ ═
2021-02-01 17:26:48,335 INFO     ___FILE_ONLY___ ═
2021-02-01 17:26:48,336 INFO     ___FILE_ONLY___ ═
2021-02-01 17:26:48,336 INFO     ___FILE_ONLY___ ═
2021-02-01 17:26:48,337 INFO     ___FILE_ONLY___ ═
2021-02-01 17:26:48,337 INFO     ___FILE_ONLY___ ═
2021-02-01 17:26:48,338 INFO     ___FILE_ONLY___ ═
2021-02-01 17:26:48,338 INFO     ___FILE_ONLY___ ═
2021-02-01 17:26:48,339 INFO     ___FILE_ONLY___ ═
2021-02-01 17:26:48,339 INFO     ___FILE_ONLY___ ═
2021-02-01 17:26:48,339 INFO     ___FILE_ONLY___ ═
2021-02-01 17:26:48,340 INFO     ___FILE_ONLY___ ═
2021-02-01 17:26:48,340 INFO     ___FILE_ONLY___ ═
2021-02-01 17:26:48,340 INFO     ___FILE_ONLY___ ═
2021-02-01 17:26:48,341 INFO     ___FILE_ONLY___ ═
2021-02-01 17:26:48,341 INFO     ___FILE_ONLY___ ═
2021-02-01 17:26:48,341 INFO     ___FILE_ONLY___ ═
2021-02-01 17:26:48,342 INFO     ___FILE_ONLY___ ═
2021-02-01 17:26:48,342 INFO     ___FILE_ONLY___ ═
2021-02-01 17:26:48,344 INFO     ___FILE_ONLY___ ═
2021-02-01 17:26:48,389 INFO     ___FILE_ONLY___ ═
2021-02-01 17:26:48,397 INFO     ___FILE_ONLY___ ═
2021-02-01 17:26:48,399 INFO     ___FILE_ONLY___ ═
2021-02-01 17:26:48,403 INFO     ___FILE_ONLY___ ═
2021-02-01 17:26:48,404 INFO     ___FILE_ONLY___ ═
2021-02-01 17:26:48,407 INFO     ___FILE_ONLY___ ═
2021-02-01 17:26:48,410 INFO     ___FILE_ONLY___ ═
2021-02-01 17:26:48,412 INFO     ___FILE_ONLY___ ═
2021-02-01 17:26:48,415 INFO     ___FILE_ONLY___ ═
2021-02-01 17:26:48,417 INFO     ___FILE_ONLY___ ═
2021-02-01 17:26:48,423 INFO     ___FILE_ONLY___ ═
2021-02-01 17:26:48,425 INFO     ___FILE_ONLY___ ═
2021-02-01 17:26:48,428 INFO     ___FILE_ONLY___ ═
2021-02-01 17:26:48,430 INFO     ___FILE_ONLY___ ═
2021-02-01 17:26:48,432 INFO     ___FILE_ONLY___ ═
2021-02-01 17:26:48,434 INFO     ___FILE_ONLY___ ═
2021-02-01 17:26:48,436 INFO     ___FILE_ONLY___ ═
2021-02-01 17:26:48,439 INFO     ___FILE_ONLY___ ═
2021-02-01 17:26:48,441 INFO     ___FILE_ONLY___ ═
2021-02-01 17:26:48,443 INFO     ___FILE_ONLY___ ═
2021-02-01 17:26:48,446 INFO     ___FILE_ONLY___ ═
2021-02-01 17:26:48,448 INFO     ___FILE_ONLY___ ═
2021-02-01 17:26:48,450 INFO     ___FILE_ONLY___ ═
2021-02-01 17:26:48,452 INFO     ___FILE_ONLY___ ═
2021-02-01 17:26:48,455 INFO     ___FILE_ONLY___ ═
2021-02-01 17:26:48,457 INFO     ___FILE_ONLY___ ═
2021-02-01 17:26:48,459 INFO     ___FILE_ONLY___ ═
2021-02-01 17:26:48,462 INFO     ___FILE_ONLY___ ═
2021-02-01 17:26:48,464 INFO     ___FILE_ONLY___ ═
2021-02-01 17:26:48,467 INFO     ___FILE_ONLY___ ═
2021-02-01 17:26:48,467 INFO     ___FILE_ONLY___ ╝

2021-02-01 17:26:48,477 INFO     ___FILE_ONLY___ ╔════════════════════════════════════════════════════════════╗

2021-02-01 17:26:48,477 INFO     ___FILE_ONLY___ ╠═ Installing: BigQuery Command Line Tool (Platform Spec... ═╣

2021-02-01 17:26:48,477 INFO     ___FILE_ONLY___ ╚
2021-02-01 17:26:48,504 INFO     ___FILE_ONLY___ ══════════════════════════════
2021-02-01 17:26:48,505 INFO     ___FILE_ONLY___ ══════════════════════════════
2021-02-01 17:26:48,505 INFO     ___FILE_ONLY___ ╝

2021-02-01 17:26:48,513 INFO     ___FILE_ONLY___ ╔════════════════════════════════════════════════════════════╗

2021-02-01 17:26:48,513 INFO     ___FILE_ONLY___ ╠═ Installing: Cloud SDK Core Libraries (Platform Specific) ═╣

2021-02-01 17:26:48,513 INFO     ___FILE_ONLY___ ╚
2021-02-01 17:26:48,535 INFO     ___FILE_ONLY___ ══════════════════════════════
2021-02-01 17:26:48,537 INFO     ___FILE_ONLY___ ═══════════════
2021-02-01 17:26:48,537 INFO     ___FILE_ONLY___ ═══════════════
2021-02-01 17:26:48,537 INFO     ___FILE_ONLY___ ╝

2021-02-01 17:26:48,545 INFO     ___FILE_ONLY___ ╔════════════════════════════════════════════════════════════╗

2021-02-01 17:26:48,545 INFO     ___FILE_ONLY___ ╠═ Installing: Cloud Storage Command Line Tool              ═╣

2021-02-01 17:26:48,546 INFO     ___FILE_ONLY___ ╚
2021-02-01 17:26:48,568 INFO     ___FILE_ONLY___ ═
2021-02-01 17:26:48,571 INFO     ___FILE_ONLY___ ═
2021-02-01 17:26:48,573 INFO     ___FILE_ONLY___ ═
2021-02-01 17:26:48,575 INFO     ___FILE_ONLY___ ═
2021-02-01 17:26:48,576 INFO     ___FILE_ONLY___ ═
2021-02-01 17:26:48,577 INFO     ___FILE_ONLY___ ═
2021-02-01 17:26:48,579 INFO     ___FILE_ONLY___ ═
2021-02-01 17:26:48,580 INFO     ___FILE_ONLY___ ═
2021-02-01 17:26:48,581 INFO     ___FILE_ONLY___ ═
2021-02-01 17:26:48,583 INFO     ___FILE_ONLY___ ═
2021-02-01 17:26:48,584 INFO     ___FILE_ONLY___ ═
2021-02-01 17:26:48,585 INFO     ___FILE_ONLY___ ═
2021-02-01 17:26:48,587 INFO     ___FILE_ONLY___ ═
2021-02-01 17:26:48,588 INFO     ___FILE_ONLY___ ═
2021-02-01 17:26:48,589 INFO     ___FILE_ONLY___ ═
2021-02-01 17:26:48,590 INFO     ___FILE_ONLY___ ═
2021-02-01 17:26:48,591 INFO     ___FILE_ONLY___ ═
2021-02-01 17:26:48,592 INFO     ___FILE_ONLY___ ═
2021-02-01 17:26:48,592 INFO     ___FILE_ONLY___ ═
2021-02-01 17:26:48,593 INFO     ___FILE_ONLY___ ═
2021-02-01 17:26:48,593 INFO     ___FILE_ONLY___ ═
2021-02-01 17:26:48,594 INFO     ___FILE_ONLY___ ═
2021-02-01 17:26:48,594 INFO     ___FILE_ONLY___ ═
2021-02-01 17:26:48,595 INFO     ___FILE_ONLY___ ═
2021-02-01 17:26:48,595 INFO     ___FILE_ONLY___ ═
2021-02-01 17:26:48,595 INFO     ___FILE_ONLY___ ═
2021-02-01 17:26:48,596 INFO     ___FILE_ONLY___ ═
2021-02-01 17:26:48,596 INFO     ___FILE_ONLY___ ═
2021-02-01 17:26:48,597 INFO     ___FILE_ONLY___ ═
2021-02-01 17:26:48,599 INFO     ___FILE_ONLY___ ═
2021-02-01 17:26:48,816 INFO     ___FILE_ONLY___ ═
2021-02-01 17:26:48,836 INFO     ___FILE_ONLY___ ═
2021-02-01 17:26:48,849 INFO     ___FILE_ONLY___ ═
2021-02-01 17:26:48,866 INFO     ___FILE_ONLY___ ═
2021-02-01 17:26:48,880 INFO     ___FILE_ONLY___ ═
2021-02-01 17:26:48,894 INFO     ___FILE_ONLY___ ═
2021-02-01 17:26:48,908 INFO     ___FILE_ONLY___ ═
2021-02-01 17:26:48,923 INFO     ___FILE_ONLY___ ═
2021-02-01 17:26:48,935 INFO     ___FILE_ONLY___ ═
2021-02-01 17:26:48,950 INFO     ___FILE_ONLY___ ═
2021-02-01 17:26:48,962 INFO     ___FILE_ONLY___ ═
2021-02-01 17:26:48,977 INFO     ___FILE_ONLY___ ═
2021-02-01 17:26:48,996 INFO     ___FILE_ONLY___ ═
2021-02-01 17:26:49,017 INFO     ___FILE_ONLY___ ═
2021-02-01 17:26:49,031 INFO     ___FILE_ONLY___ ═
2021-02-01 17:26:49,049 INFO     ___FILE_ONLY___ ═
2021-02-01 17:26:49,064 INFO     ___FILE_ONLY___ ═
2021-02-01 17:26:49,082 INFO     ___FILE_ONLY___ ═
2021-02-01 17:26:49,100 INFO     ___FILE_ONLY___ ═
2021-02-01 17:26:49,115 INFO     ___FILE_ONLY___ ═
2021-02-01 17:26:49,129 INFO     ___FILE_ONLY___ ═
2021-02-01 17:26:49,142 INFO     ___FILE_ONLY___ ═
2021-02-01 17:26:49,156 INFO     ___FILE_ONLY___ ═
2021-02-01 17:26:49,170 INFO     ___FILE_ONLY___ ═
2021-02-01 17:26:49,182 INFO     ___FILE_ONLY___ ═
2021-02-01 17:26:49,194 INFO     ___FILE_ONLY___ ═
2021-02-01 17:26:49,206 INFO     ___FILE_ONLY___ ═
2021-02-01 17:26:49,218 INFO     ___FILE_ONLY___ ═
2021-02-01 17:26:49,239 INFO     ___FILE_ONLY___ ═
2021-02-01 17:26:49,262 INFO     ___FILE_ONLY___ ═
2021-02-01 17:26:49,262 INFO     ___FILE_ONLY___ ╝

2021-02-01 17:26:49,295 INFO     ___FILE_ONLY___ ╔════════════════════════════════════════════════════════════╗

2021-02-01 17:26:49,295 INFO     ___FILE_ONLY___ ╠═ Installing: Cloud Storage Command Line Tool (Platform... ═╣

2021-02-01 17:26:49,295 INFO     ___FILE_ONLY___ ╚
2021-02-01 17:26:49,318 INFO     ___FILE_ONLY___ ══════════════════════════════
2021-02-01 17:26:49,319 INFO     ___FILE_ONLY___ ══════════════════════════════
2021-02-01 17:26:49,319 INFO     ___FILE_ONLY___ ╝

2021-02-01 17:26:49,327 INFO     ___FILE_ONLY___ ╔════════════════════════════════════════════════════════════╗

2021-02-01 17:26:49,327 INFO     ___FILE_ONLY___ ╠═ Installing: Default set of gcloud commands               ═╣

2021-02-01 17:26:49,327 INFO     ___FILE_ONLY___ ╚
2021-02-01 17:26:49,331 INFO     ___FILE_ONLY___ ════════════════════════════════════════════════════════════
2021-02-01 17:26:49,331 INFO     ___FILE_ONLY___ ╝

2021-02-01 17:26:49,335 INFO     ___FILE_ONLY___ ╔════════════════════════════════════════════════════════════╗

2021-02-01 17:26:49,335 INFO     ___FILE_ONLY___ ╠═ Installing: Kuberun                                      ═╣

2021-02-01 17:26:49,335 INFO     ___FILE_ONLY___ ╚
2021-02-01 17:26:49,339 INFO     ___FILE_ONLY___ ════════════════════════════════════════════════════════════
2021-02-01 17:26:49,339 INFO     ___FILE_ONLY___ ╝

2021-02-01 17:26:49,343 INFO     ___FILE_ONLY___ ╔════════════════════════════════════════════════════════════╗

2021-02-01 17:26:49,343 INFO     ___FILE_ONLY___ ╠═ Installing: Kuberun                                      ═╣

2021-02-01 17:26:49,343 INFO     ___FILE_ONLY___ ╚
2021-02-01 17:26:49,379 INFO     ___FILE_ONLY___ ═
2021-02-01 17:26:49,387 INFO     ___FILE_ONLY___ ═
2021-02-01 17:26:49,392 INFO     ___FILE_ONLY___ ═
2021-02-01 17:26:49,396 INFO     ___FILE_ONLY___ ═
2021-02-01 17:26:49,399 INFO     ___FILE_ONLY___ ═
2021-02-01 17:26:49,403 INFO     ___FILE_ONLY___ ═
2021-02-01 17:26:49,406 INFO     ___FILE_ONLY___ ═
2021-02-01 17:26:49,410 INFO     ___FILE_ONLY___ ═
2021-02-01 17:26:49,413 INFO     ___FILE_ONLY___ ═
2021-02-01 17:26:49,417 INFO     ___FILE_ONLY___ ═
2021-02-01 17:26:49,420 INFO     ___FILE_ONLY___ ═
2021-02-01 17:26:49,424 INFO     ___FILE_ONLY___ ═
2021-02-01 17:26:49,427 INFO     ___FILE_ONLY___ ═
2021-02-01 17:26:49,431 INFO     ___FILE_ONLY___ ═
2021-02-01 17:26:49,434 INFO     ___FILE_ONLY___ ═
2021-02-01 17:26:49,437 INFO     ___FILE_ONLY___ ═
2021-02-01 17:26:49,441 INFO     ___FILE_ONLY___ ═
2021-02-01 17:26:49,444 INFO     ___FILE_ONLY___ ═
2021-02-01 17:26:49,447 INFO     ___FILE_ONLY___ ═
2021-02-01 17:26:49,451 INFO     ___FILE_ONLY___ ═
2021-02-01 17:26:49,454 INFO     ___FILE_ONLY___ ═
2021-02-01 17:26:49,458 INFO     ___FILE_ONLY___ ═
2021-02-01 17:26:49,461 INFO     ___FILE_ONLY___ ═
2021-02-01 17:26:49,464 INFO     ___FILE_ONLY___ ═
2021-02-01 17:26:49,468 INFO     ___FILE_ONLY___ ═
2021-02-01 17:26:49,471 INFO     ___FILE_ONLY___ ═
2021-02-01 17:26:49,475 INFO     ___FILE_ONLY___ ═
2021-02-01 17:26:49,478 INFO     ___FILE_ONLY___ ═
2021-02-01 17:26:49,481 INFO     ___FILE_ONLY___ ═
2021-02-01 17:26:49,485 INFO     ___FILE_ONLY___ ═
2021-02-01 17:26:50,337 INFO     ___FILE_ONLY___ ═
2021-02-01 17:26:50,338 INFO     ___FILE_ONLY___ ═
2021-02-01 17:26:50,338 INFO     ___FILE_ONLY___ ═
2021-02-01 17:26:50,338 INFO     ___FILE_ONLY___ ══
2021-02-01 17:26:50,339 INFO     ___FILE_ONLY___ ═
2021-02-01 17:26:50,339 INFO     ___FILE_ONLY___ ═
2021-02-01 17:26:50,339 INFO     ___FILE_ONLY___ ═
2021-02-01 17:26:50,340 INFO     ___FILE_ONLY___ ══
2021-02-01 17:26:50,340 INFO     ___FILE_ONLY___ ═
2021-02-01 17:26:50,340 INFO     ___FILE_ONLY___ ═
2021-02-01 17:26:50,341 INFO     ___FILE_ONLY___ ═
2021-02-01 17:26:50,341 INFO     ___FILE_ONLY___ ══
2021-02-01 17:26:50,341 INFO     ___FILE_ONLY___ ═
2021-02-01 17:26:50,342 INFO     ___FILE_ONLY___ ═
2021-02-01 17:26:50,342 INFO     ___FILE_ONLY___ ═
2021-02-01 17:26:50,342 INFO     ___FILE_ONLY___ ═
2021-02-01 17:26:50,343 INFO     ___FILE_ONLY___ ══
2021-02-01 17:26:50,343 INFO     ___FILE_ONLY___ ═
2021-02-01 17:26:50,343 INFO     ___FILE_ONLY___ ═
2021-02-01 17:26:50,344 INFO     ___FILE_ONLY___ ══
2021-02-01 17:26:50,344 INFO     ___FILE_ONLY___ ═
2021-02-01 17:26:50,344 INFO     ___FILE_ONLY___ ═
2021-02-01 17:26:50,345 INFO     ___FILE_ONLY___ ═
2021-02-01 17:26:50,346 INFO     ___FILE_ONLY___ ══
2021-02-01 17:26:50,346 INFO     ___FILE_ONLY___ ╝

2021-02-01 17:26:50,358 INFO     ___FILE_ONLY___ ╔════════════════════════════════════════════════════════════╗

2021-02-01 17:26:50,358 INFO     ___FILE_ONLY___ ╠═ Installing: anthoscli                                    ═╣

2021-02-01 17:26:50,358 INFO     ___FILE_ONLY___ ╚
2021-02-01 17:26:50,362 INFO     ___FILE_ONLY___ ════════════════════════════════════════════════════════════
2021-02-01 17:26:50,362 INFO     ___FILE_ONLY___ ╝

2021-02-01 17:26:50,366 INFO     ___FILE_ONLY___ ╔════════════════════════════════════════════════════════════╗

2021-02-01 17:26:50,366 INFO     ___FILE_ONLY___ ╠═ Installing: anthoscli                                    ═╣

2021-02-01 17:26:50,366 INFO     ___FILE_ONLY___ ╚
2021-02-01 17:26:50,405 INFO     ___FILE_ONLY___ ═
2021-02-01 17:26:50,413 INFO     ___FILE_ONLY___ ═
2021-02-01 17:26:50,421 INFO     ___FILE_ONLY___ ═
2021-02-01 17:26:50,428 INFO     ___FILE_ONLY___ ═
2021-02-01 17:26:50,435 INFO     ___FILE_ONLY___ ═
2021-02-01 17:26:50,443 INFO     ___FILE_ONLY___ ═
2021-02-01 17:26:50,450 INFO     ___FILE_ONLY___ ═
2021-02-01 17:26:50,457 INFO     ___FILE_ONLY___ ═
2021-02-01 17:26:50,465 INFO     ___FILE_ONLY___ ═
2021-02-01 17:26:50,472 INFO     ___FILE_ONLY___ ═
2021-02-01 17:26:50,479 INFO     ___FILE_ONLY___ ═
2021-02-01 17:26:50,486 INFO     ___FILE_ONLY___ ═
2021-02-01 17:26:50,493 INFO     ___FILE_ONLY___ ═
2021-02-01 17:26:50,500 INFO     ___FILE_ONLY___ ═
2021-02-01 17:26:50,507 INFO     ___FILE_ONLY___ ═
2021-02-01 17:26:50,514 INFO     ___FILE_ONLY___ ═
2021-02-01 17:26:50,522 INFO     ___FILE_ONLY___ ═
2021-02-01 17:26:50,529 INFO     ___FILE_ONLY___ ═
2021-02-01 17:26:50,536 INFO     ___FILE_ONLY___ ═
2021-02-01 17:26:50,543 INFO     ___FILE_ONLY___ ═
2021-02-01 17:26:50,550 INFO     ___FILE_ONLY___ ═
2021-02-01 17:26:50,557 INFO     ___FILE_ONLY___ ═
2021-02-01 17:26:50,564 INFO     ___FILE_ONLY___ ═
2021-02-01 17:26:50,571 INFO     ___FILE_ONLY___ ═
2021-02-01 17:26:50,579 INFO     ___FILE_ONLY___ ═
2021-02-01 17:26:50,586 INFO     ___FILE_ONLY___ ═
2021-02-01 17:26:50,593 INFO     ___FILE_ONLY___ ═
2021-02-01 17:26:50,600 INFO     ___FILE_ONLY___ ═
2021-02-01 17:26:50,608 INFO     ___FILE_ONLY___ ═
2021-02-01 17:26:50,614 INFO     ___FILE_ONLY___ ═
2021-02-01 17:26:52,431 INFO     ___FILE_ONLY___ ══════════
2021-02-01 17:26:52,435 INFO     ___FILE_ONLY___ ═════════
2021-02-01 17:26:52,456 INFO     ___FILE_ONLY___ ═══════════
2021-02-01 17:26:52,457 INFO     ___FILE_ONLY___ ╝

2021-02-01 17:26:52,473 INFO     ___FILE_ONLY___ ╔════════════════════════════════════════════════════════════╗

2021-02-01 17:26:52,474 INFO     ___FILE_ONLY___ ╠═ Installing: gcloud cli dependencies                      ═╣

2021-02-01 17:26:52,474 INFO     ___FILE_ONLY___ ╚
2021-02-01 17:26:52,502 INFO     ___FILE_ONLY___ ══════════════════════════════
2021-02-01 17:26:52,503 INFO     ___FILE_ONLY___ ══════
2021-02-01 17:26:52,503 INFO     ___FILE_ONLY___ ══════
2021-02-01 17:26:52,503 INFO     ___FILE_ONLY___ ══════
2021-02-01 17:26:52,504 INFO     ___FILE_ONLY___ ══════
2021-02-01 17:26:52,504 INFO     ___FILE_ONLY___ ══════
2021-02-01 17:26:52,504 INFO     ___FILE_ONLY___ ╝

2021-02-01 17:26:52,512 INFO     ___FILE_ONLY___ ╔════════════════════════════════════════════════════════════╗

2021-02-01 17:26:52,512 INFO     ___FILE_ONLY___ ╠═ Creating backup and activating new installation          ═╣

2021-02-01 17:26:52,512 INFO     ___FILE_ONLY___ ╚
2021-02-01 17:26:52,513 DEBUG    root            Attempting to move directory [/tools/google-cloud-sdk] to [/tools/google-cloud-sdk.staging/.install/.backup]
2021-02-01 17:26:52,513 INFO     ___FILE_ONLY___ ══════════════════════════════
2021-02-01 17:26:52,513 DEBUG    root            Attempting to move directory [/tools/google-cloud-sdk.staging] to [/tools/google-cloud-sdk]
2021-02-01 17:26:52,513 INFO     ___FILE_ONLY___ ══════════════════════════════
2021-02-01 17:26:52,513 INFO     ___FILE_ONLY___ ╝

2021-02-01 17:26:52,517 DEBUG    root            Updating notification cache...
2021-02-01 17:26:52,517 INFO     ___FILE_ONLY___ 

2021-02-01 17:26:52,522 INFO     ___FILE_ONLY___ Performing post processing steps...
2021-02-01 17:26:52,522 DEBUG    root            Executing command: ['python3', '-S', '/tools/google-cloud-sdk/lib/gcloud.py', 'components', 'post-process']
2021-02-01 17:27:05,285 DEBUG    ___FILE_ONLY___ 
2021-02-01 17:27:05,286 DEBUG    ___FILE_ONLY___ 
2021-02-01 17:27:05,291 INFO     ___FILE_ONLY___ 
Update done!


2021-02-01 17:27:05,295 INFO     root            Display format: "none"
